[    0.000000] Linux version 4.15.0-143-generic (buildd@lcy01-amd64-001) (gcc version 7.5.0 (Ubuntu 7.5.0-3ubuntu1~18.04)) #147-Ubuntu SMP Wed Apr 14 16:10:11 UTC 2021 (Ubuntu 4.15.0-143.147-generic 4.15.18)
[    0.000000] Command line: BOOT_IMAGE=/boot/vmlinuz-4.15.0-143-generic root=UUID=653ad9e0-44fc-4e91-9342-57381bdd26f8 ro console=tty1 console=ttyS0
[    0.000000] KERNEL supported cpus:
[    0.000000]   Intel GenuineIntel
[    0.000000]   AMD AuthenticAMD
[    0.000000]   Centaur CentaurHauls
[    0.000000] x86/fpu: Supporting XSAVE feature 0x001: 'x87 floating point registers'
[    0.000000] x86/fpu: Supporting XSAVE feature 0x002: 'SSE registers'
[    0.000000] x86/fpu: Supporting XSAVE feature 0x004: 'AVX registers'
[    0.000000] x86/fpu: xstate_offset[2]:  576, xstate_sizes[2]:  256
[    0.000000] x86/fpu: Enabled xstate features 0x7, context size is 832 bytes, using 'standard' format.
[    0.000000] e820: BIOS-provided physical RAM map:
[    0.000000] BIOS-e820: [mem 0x0000000000000000-0x000000000009fbff] usable
[    0.000000] BIOS-e820: [mem 0x000000000009fc00-0x000000000009ffff] reserved
[    0.000000] BIOS-e820: [mem 0x00000000000f0000-0x00000000000fffff] reserved
[    0.000000] BIOS-e820: [mem 0x0000000000100000-0x000000003ffeffff] usable
[    0.000000] BIOS-e820: [mem 0x000000003fff0000-0x000000003fffffff] ACPI data
[    0.000000] BIOS-e820: [mem 0x00000000fec00000-0x00000000fec00fff] reserved
[    0.000000] BIOS-e820: [mem 0x00000000fee00000-0x00000000fee00fff] reserved
[    0.000000] BIOS-e820: [mem 0x00000000fffc0000-0x00000000ffffffff] reserved
[    0.000000] NX (Execute Disable) protection: active
[    0.000000] SMBIOS 2.5 present.
[    0.000000] DMI: innotek GmbH VirtualBox/VirtualBox, BIOS VirtualBox 12/01/2006
[    0.000000] Hypervisor detected: KVM
[    0.000000] e820: last_pfn = 0x3fff0 max_arch_pfn = 0x400000000
[    0.000000] MTRR: Disabled
[    0.000000] x86/PAT: MTRRs disabled, skipping PAT initialization too.
[    0.000000] CPU MTRRs all blank - virtualized system.
[    0.000000] x86/PAT: Configuration [0-7]: WB  WT  UC- UC  WB  WT  UC- UC  
[    0.000000] found SMP MP-table at [mem 0x0009fff0-0x0009ffff]
[    0.000000] Scanning 1 areas for low memory corruption
[    0.000000] RAMDISK: [mem 0x35821000-0x36c07fff]
[    0.000000] ACPI: Early table checksum verification disabled
[    0.000000] ACPI: RSDP 0x00000000000E0000 000024 (v02 VBOX  )
[    0.000000] ACPI: XSDT 0x000000003FFF0030 00003C (v01 VBOX   VBOXXSDT 00000001 ASL  00000061)
[    0.000000] ACPI: FACP 0x000000003FFF00F0 0000F4 (v04 VBOX   VBOXFACP 00000001 ASL  00000061)
[    0.000000] ACPI: DSDT 0x000000003FFF0470 002325 (v02 VBOX   VBOXBIOS 00000002 INTL 20100528)
[    0.000000] ACPI: FACS 0x000000003FFF0200 000040
[    0.000000] ACPI: FACS 0x000000003FFF0200 000040
[    0.000000] ACPI: APIC 0x000000003FFF0240 00005C (v02 VBOX   VBOXAPIC 00000001 ASL  00000061)
[    0.000000] ACPI: SSDT 0x000000003FFF02A0 0001CC (v01 VBOX   VBOXCPUT 00000002 INTL 20100528)
[    0.000000] No NUMA configuration found
[    0.000000] Faking a node at [mem 0x0000000000000000-0x000000003ffeffff]
[    0.000000] NODE_DATA(0) allocated [mem 0x3ffc5000-0x3ffeffff]
[    0.000000] kvm-clock: cpu 0, msr 0:3ff44001, primary cpu clock
[    0.000000] kvm-clock: Using msrs 4b564d01 and 4b564d00
[    0.000000] kvm-clock: using sched offset of 4590344034 cycles
[    0.000000] clocksource: kvm-clock: mask: 0xffffffffffffffff max_cycles: 0x1cd42e4dffb, max_idle_ns: 881590591483 ns
[    0.000000] Zone ranges:
[    0.000000]   DMA      [mem 0x0000000000001000-0x0000000000ffffff]
[    0.000000]   DMA32    [mem 0x0000000001000000-0x000000003ffeffff]
[    0.000000]   Normal   empty
[    0.000000]   Device   empty
[    0.000000] Movable zone start for each node
[    0.000000] Early memory node ranges
[    0.000000]   node   0: [mem 0x0000000000001000-0x000000000009efff]
[    0.000000]   node   0: [mem 0x0000000000100000-0x000000003ffeffff]
[    0.000000] Reserved but unavailable: 98 pages
[    0.000000] Initmem setup node 0 [mem 0x0000000000001000-0x000000003ffeffff]
[    0.000000] ACPI: PM-Timer IO Port: 0x4008
[    0.000000] IOAPIC[0]: apic_id 2, version 32, address 0xfec00000, GSI 0-23
[    0.000000] ACPI: INT_SRC_OVR (bus 0 bus_irq 0 global_irq 2 dfl dfl)
[    0.000000] ACPI: INT_SRC_OVR (bus 0 bus_irq 9 global_irq 9 low level)
[    0.000000] Using ACPI (MADT) for SMP configuration information
[    0.000000] smpboot: Allowing 2 CPUs, 0 hotplug CPUs
[    0.000000] PM: Registered nosave memory: [mem 0x00000000-0x00000fff]
[    0.000000] PM: Registered nosave memory: [mem 0x0009f000-0x0009ffff]
[    0.000000] PM: Registered nosave memory: [mem 0x000a0000-0x000effff]
[    0.000000] PM: Registered nosave memory: [mem 0x000f0000-0x000fffff]
[    0.000000] e820: [mem 0x40000000-0xfebfffff] available for PCI devices
[    0.000000] Booting paravirtualized kernel on KVM
[    0.000000] clocksource: refined-jiffies: mask: 0xffffffff max_cycles: 0xffffffff, max_idle_ns: 7645519600211568 ns
[    0.000000] random: get_random_bytes called from start_kernel+0x99/0x500 with crng_init=0
[    0.000000] setup_percpu: NR_CPUS:8192 nr_cpumask_bits:2 nr_cpu_ids:2 nr_node_ids:1
[    0.000000] percpu: Embedded 45 pages/cpu s147456 r8192 d28672 u1048576
[    0.000000] PV qspinlock hash table entries: 256 (order: 0, 4096 bytes)
[    0.000000] Built 1 zonelists, mobility grouping on.  Total pages: 257913
[    0.000000] Policy zone: DMA32
[    0.000000] Kernel command line: BOOT_IMAGE=/boot/vmlinuz-4.15.0-143-generic root=UUID=653ad9e0-44fc-4e91-9342-57381bdd26f8 ro console=tty1 console=ttyS0
[    0.000000] Memory: 981860K/1048120K available (12300K kernel code, 2483K rwdata, 4316K rodata, 2444K init, 2724K bss, 66260K reserved, 0K cma-reserved)
[    0.000000] SLUB: HWalign=64, Order=0-3, MinObjects=0, CPUs=2, Nodes=1
[    0.000000] Kernel/User page tables isolation: enabled
[    0.000000] ftrace: allocating 39437 entries in 155 pages
[    0.004000] Hierarchical RCU implementation.
[    0.004000] 	RCU restricting CPUs from NR_CPUS=8192 to nr_cpu_ids=2.
[    0.004000] 	Tasks RCU enabled.
[    0.004000] RCU: Adjusting geometry for rcu_fanout_leaf=16, nr_cpu_ids=2
[    0.004000] NR_IRQS: 524544, nr_irqs: 440, preallocated irqs: 16
[    0.004000] Console: colour VGA+ 80x25
[    0.004000] console [tty1] enabled
[    0.004000] console [ttyS0] enabled
[    0.004000] ACPI: Core revision 20170831
[    0.004000] ACPI: 2 ACPI AML tables successfully acquired and loaded
[    0.004000] APIC: Switch to symmetric I/O mode setup
[    0.004000] x2apic enabled
[    0.004000] Switched APIC routing to physical x2apic.
[    0.004000] ..TIMER: vector=0x30 apic1=0 pin1=2 apic2=-1 pin2=-1
[    0.004005] tsc: Detected 2592.000 MHz processor
[    0.008012] Calibrating delay loop (skipped) preset value.. 5184.00 BogoMIPS (lpj=10368000)
[    0.010081] pid_max: default: 32768 minimum: 301
[    0.011305] Security Framework initialized
[    0.012003] Yama: becoming mindful.
[    0.012970] AppArmor: AppArmor initialized
[    0.014330] Dentry cache hash table entries: 131072 (order: 8, 1048576 bytes)
[    0.016129] Inode-cache hash table entries: 65536 (order: 7, 524288 bytes)
[    0.017837] Mount-cache hash table entries: 2048 (order: 2, 16384 bytes)
[    0.020007] Mountpoint-cache hash table entries: 2048 (order: 2, 16384 bytes)
[    0.022064] Last level iTLB entries: 4KB 64, 2MB 8, 4MB 8
[    0.023429] Last level dTLB entries: 4KB 64, 2MB 0, 4MB 0, 1GB 4
[    0.024004] Spectre V1 : Mitigation: usercopy/swapgs barriers and __user pointer sanitization
[    0.026149] Spectre V2 : Mitigation: Full generic retpoline
[    0.028002] Spectre V2 : Spectre v2 / SpectreRSB mitigation: Filling RSB on context switch
[    0.030097] Speculative Store Bypass: Vulnerable
[    0.032052] SRBDS: Unknown: Dependent on hypervisor status
[    0.033513] MDS: Mitigation: Clear CPU buffers
[    0.035105] Freeing SMP alternatives memory: 36K
[    0.146752] smpboot: CPU0: Intel(R) Core(TM) i7-6500U CPU @ 2.50GHz (family: 0x6, model: 0x4e, stepping: 0x3)
[    0.148000] Performance Events: unsupported p6 CPU model 78 no PMU driver, software events only.
[    0.148064] Hierarchical SRCU implementation.
[    0.150102] NMI watchdog: Perf event create on CPU 0 failed with -2
[    0.152002] NMI watchdog: Perf NMI watchdog permanently disabled
[    0.153470] smp: Bringing up secondary CPUs ...
[    0.154780] x86: Booting SMP configuration:
[    0.156003] .... node  #0, CPUs:      #1
[    0.004000] kvm-clock: cpu 1, msr 0:3ff44041, secondary cpu clock
[    0.162455] smp: Brought up 1 node, 2 CPUs
[    0.164022] smpboot: Max logical packages: 1
[    0.165127] smpboot: Total of 2 processors activated (10368.00 BogoMIPS)
[    0.167151] devtmpfs: initialized
[    0.168063] x86/mm: Memory block size: 128MB
[    0.169442] evm: security.selinux
[    0.170501] evm: security.SMACK64
[    0.172004] evm: security.SMACK64EXEC
[    0.173034] evm: security.SMACK64TRANSMUTE
[    0.174170] evm: security.SMACK64MMAP
[    0.175196] evm: security.apparmor
[    0.176003] evm: security.ima
[    0.176896] evm: security.capability
[    0.177942] clocksource: jiffies: mask: 0xffffffff max_cycles: 0xffffffff, max_idle_ns: 7645041785100000 ns
[    0.180013] futex hash table entries: 512 (order: 3, 32768 bytes)
[    0.184024] pinctrl core: initialized pinctrl subsystem
[    0.188128] RTC time:  9:09:30, date: 05/25/21
[    0.189619] NET: Registered protocol family 16
[    0.190986] audit: initializing netlink subsys (disabled)
[    0.192037] audit: type=2000 audit(1621933776.144:1): state=initialized audit_enabled=0 res=1
[    0.196051] cpuidle: using governor ladder
[    0.197095] cpuidle: using governor menu
[    0.198340] ACPI: bus type PCI registered
[    0.199662] acpiphp: ACPI Hot Plug PCI Controller Driver version: 0.5
[    0.200114] PCI: Using configuration type 1 for base access
[    0.204068] HugeTLB registered 2.00 MiB page size, pre-allocated 0 pages
[    0.208121] ACPI: Added _OSI(Module Device)
[    0.209278] ACPI: Added _OSI(Processor Device)
[    0.210519] ACPI: Added _OSI(3.0 _SCP Extensions)
[    0.211829] ACPI: Added _OSI(Processor Aggregator Device)
[    0.212009] ACPI: Added _OSI(Linux-Dell-Video)
[    0.213597] ACPI: Added _OSI(Linux-Lenovo-NV-HDMI-Audio)
[    0.215112] ACPI: Added _OSI(Linux-HPI-Hybrid-Graphics)
[    0.216459] ACPI: Executed 1 blocks of module-level executable AML code
[    0.224573] ACPI: Interpreter enabled
[    0.225645] ACPI: (supports S0 S5)
[    0.226489] ACPI: Using IOAPIC for interrupt routing
[    0.228000] PCI: Using host bridge windows from ACPI; if necessary, use "pci=nocrs" and report a bug
[    0.228232] ACPI: Enabled 2 GPEs in block 00 to 07
[    0.240536] ACPI: PCI Root Bridge [PCI0] (domain 0000 [bus 00-ff])
[    0.241980] acpi PNP0A03:00: _OSC: OS supports [ASPM ClockPM Segments MSI]
[    0.244170] acpi PNP0A03:00: _OSC: not requesting OS control; OS requires [ExtendedConfig ASPM ClockPM MSI]
[    0.246469] acpi PNP0A03:00: fail to add MMCONFIG information, can't access extended PCI configuration space under this bridge.
[    0.248512] PCI host bridge to bus 0000:00
[    0.249529] pci_bus 0000:00: root bus resource [io  0x0000-0x0cf7 window]
[    0.252004] pci_bus 0000:00: root bus resource [io  0x0d00-0xffff window]
[    0.253502] pci_bus 0000:00: root bus resource [mem 0x000a0000-0x000bffff window]
[    0.256005] pci_bus 0000:00: root bus resource [mem 0x40000000-0xfdffffff window]
[    0.257942] pci_bus 0000:00: root bus resource [bus 00-ff]
[    0.262229] pci 0000:00:01.1: legacy IDE quirk: reg 0x10: [io  0x01f0-0x01f7]
[    0.264003] pci 0000:00:01.1: legacy IDE quirk: reg 0x14: [io  0x03f6]
[    0.265617] pci 0000:00:01.1: legacy IDE quirk: reg 0x18: [io  0x0170-0x0177]
[    0.268003] pci 0000:00:01.1: legacy IDE quirk: reg 0x1c: [io  0x0376]
[    0.291731] pci 0000:00:07.0: quirk: [io  0x4000-0x403f] claimed by PIIX4 ACPI
[    0.292021] pci 0000:00:07.0: quirk: [io  0x4100-0x410f] claimed by PIIX4 SMB
[    0.304473] ACPI: PCI Interrupt Link [LNKA] (IRQs 5 9 10 *11)
[    0.306581] ACPI: PCI Interrupt Link [LNKB] (IRQs 5 9 *10 11)
[    0.308098] ACPI: PCI Interrupt Link [LNKC] (IRQs 5 *9 10 11)
[    0.309814] ACPI: PCI Interrupt Link [LNKD] (IRQs 5 9 10 *11)
[    0.312439] SCSI subsystem initialized
[    0.313573] pci 0000:00:02.0: vgaarb: setting as boot VGA device
[    0.313671] pci 0000:00:02.0: vgaarb: VGA device added: decodes=io+mem,owns=io+mem,locks=none
[    0.316011] pci 0000:00:02.0: vgaarb: bridge control possible
[    0.317602] vgaarb: loaded
[    0.320052] ACPI: bus type USB registered
[    0.321972] usbcore: registered new interface driver usbfs
[    0.323432] usbcore: registered new interface driver hub
[    0.324011] usbcore: registered new device driver usb
[    0.325506] EDAC MC: Ver: 3.0.0
[    0.328072] PCI: Using ACPI for IRQ routing
[    0.329539] NetLabel: Initializing
[    0.330518] NetLabel:  domain hash size = 128
[    0.331587] NetLabel:  protocols = UNLABELED CIPSOv4 CALIPSO
[    0.332020] NetLabel:  unlabeled traffic allowed by default
[    0.333420] clocksource: Switched to clocksource kvm-clock
[    0.357004] VFS: Disk quotas dquot_6.6.0
[    0.358188] VFS: Dquot-cache hash table entries: 512 (order 0, 4096 bytes)
[    0.360035] AppArmor: AppArmor Filesystem Enabled
[    0.362151] pnp: PnP ACPI init
[    0.364326] pnp: PnP ACPI: found 3 devices
[    0.377145] clocksource: acpi_pm: mask: 0xffffff max_cycles: 0xffffff, max_idle_ns: 2085701024 ns
[    0.380230] NET: Registered protocol family 2
[    0.382312] TCP established hash table entries: 8192 (order: 4, 65536 bytes)
[    0.384330] TCP bind hash table entries: 8192 (order: 5, 131072 bytes)
[    0.388298] TCP: Hash tables configured (established 8192 bind 8192)
[    0.393127] UDP hash table entries: 512 (order: 2, 16384 bytes)
[    0.395319] UDP-Lite hash table entries: 512 (order: 2, 16384 bytes)
[    0.397755] NET: Registered protocol family 1
[    0.399453] pci 0000:00:00.0: Limiting direct PCI/PCI transfers
[    0.401731] pci 0000:00:01.0: Activating ISA DMA hang workarounds
[    0.403684] pci 0000:00:02.0: Video device with shadowed ROM at [mem 0x000c0000-0x000dffff]
[    0.405799] Unpacking initramfs...
[    0.867031] Freeing initrd memory: 20380K
[    0.868378] clocksource: tsc: mask: 0xffffffffffffffff max_cycles: 0x255cb6cc5db, max_idle_ns: 440795203504 ns
[    0.870916] platform rtc_cmos: registered platform RTC device (no PNP device found)
[    0.872948] Scanning for low memory corruption every 60 seconds
[    0.875258] Initialise system trusted keyrings
[    0.876456] Key type blacklist registered
[    0.877620] workingset: timestamp_bits=36 max_order=18 bucket_order=0
[    0.880500] zbud: loaded
[    0.881855] squashfs: version 4.0 (2009/01/31) Phillip Lougher
[    0.884153] fuse init (API version 7.26)
[    0.889658] Key type asymmetric registered
[    0.891259] Asymmetric key parser 'x509' registered
[    0.893149] Block layer SCSI generic (bsg) driver version 0.4 loaded (major 246)
[    0.895462] io scheduler noop registered
[    0.896585] io scheduler deadline registered
[    0.897646] io scheduler cfq registered (default)
[    0.899776] ACPI: AC Adapter [AC] (on-line)
[    0.900964] input: Power Button as /devices/LNXSYSTM:00/LNXPWRBN:00/input/input0
[    0.902906] ACPI: Power Button [PWRF]
[    0.904018] input: Sleep Button as /devices/LNXSYSTM:00/LNXSLPBN:00/input/input1
[    0.905921] ACPI: Sleep Button [SLPF]
[    0.908493] Serial: 8250/16550 driver, 32 ports, IRQ sharing enabled
[    0.908511] ACPI: Battery Slot [BAT0] (battery present)
[    0.932465] 00:02: ttyS0 at I/O 0x3f8 (irq = 4, base_baud = 115200) is a 16550A
[    0.935844] Linux agpgart interface v0.103
[    0.938326] loop: module loaded
[    0.940049] scsi host0: ata_piix
[    0.941233] scsi host1: ata_piix
[    0.942194] ata1: PATA max UDMA/33 cmd 0x1f0 ctl 0x3f6 bmdma 0xd000 irq 14
[    0.943867] ata2: PATA max UDMA/33 cmd 0x170 ctl 0x376 bmdma 0xd008 irq 15
[    0.945695] libphy: Fixed MDIO Bus: probed
[    0.946742] tun: Universal TUN/TAP device driver, 1.6
[    0.948268] PPP generic driver version 2.4.2
[    0.949513] ehci_hcd: USB 2.0 'Enhanced' Host Controller (EHCI) Driver
[    0.951113] ehci-pci: EHCI PCI platform driver
[    0.952383] ehci-platform: EHCI generic platform driver
[    0.953768] ohci_hcd: USB 1.1 'Open' Host Controller (OHCI) Driver
[    0.955326] ohci-pci: OHCI PCI platform driver
[    0.956613] ohci-platform: OHCI generic platform driver
[    0.957934] uhci_hcd: USB Universal Host Controller Interface driver
[    0.959535] i8042: PNP: PS/2 Controller [PNP0303:PS2K,PNP0f03:PS2M] at 0x60,0x64 irq 1,12
[    0.962240] serio: i8042 KBD port at 0x60,0x64 irq 1
[    0.963599] serio: i8042 AUX port at 0x60,0x64 irq 12
[    0.965207] mousedev: PS/2 mouse device common for all mice
[    0.966931] input: AT Translated Set 2 keyboard as /devices/platform/i8042/serio0/input/input2
[    0.969692] rtc_cmos rtc_cmos: rtc core: registered rtc_cmos as rtc0
[    0.971228] rtc_cmos rtc_cmos: alarms up to one day, 114 bytes nvram
[    0.972846] i2c /dev entries driver
[    0.973858] device-mapper: uevent: version 1.0.3
[    0.975150] device-mapper: ioctl: 4.37.0-ioctl (2017-09-20) initialised: dm-devel@redhat.com
[    0.977249] ledtrig-cpu: registered to indicate activity on CPUs
[    0.979208] NET: Registered protocol family 10
[    0.984890] Segment Routing with IPv6
[    0.985842] NET: Registered protocol family 17
[    0.986999] Key type dns_resolver registered
[    0.988696] mce: Using 0 MCE banks
[    0.989813] RAS: Correctable Errors collector initialized.
[    0.991335] sched_clock: Marking stable (988648141, 0)->(1274148377, -285500236)
[    0.993879] registered taskstats version 1
[    0.994914] Loading compiled-in X.509 certificates
[    0.999178] Loaded X.509 cert 'Build time autogenerated kernel key: de118354fe72448b469776565e76ac30c08e8db2'
[    1.002255] Loaded X.509 cert 'Canonical Ltd. Live Patch Signing: 14df34d1a87cf37625abec039ef2bf521249b969'
[    1.005154] Loaded X.509 cert 'Canonical Ltd. Kernel Module Signing: 88f752e560a1e0737e31163a466ad7b70a850c19'
[    1.007567] zswap: loaded using pool lzo/zbud
[    1.013255] Key type big_key registered
[    1.014230] Key type trusted registered
[    1.017184] Key type encrypted registered
[    1.018288] AppArmor: AppArmor sha1 policy hashing enabled
[    1.019668] ima: No TPM chip found, activating TPM-bypass! (rc=-19)
[    1.021268] ima: Allocated hash algorithm: sha1
[    1.022386] evm: HMAC attrs: 0x1
[    1.023515]   Magic number: 5:442:172
[    1.024624] rtc_cmos rtc_cmos: setting system clock to 2021-05-25 09:09:30 UTC (1621933770)
[    1.026861] BIOS EDD facility v0.16 2004-Jun-25, 0 devices found
[    1.028294] EDD information not available.
[    1.144450] Freeing unused kernel image memory: 2444K
[    1.160185] Write protecting the kernel read-only data: 20480k
[    1.162752] Freeing unused kernel image memory: 2008K
[    1.164765] Freeing unused kernel image memory: 1828K
[    1.183713] x86/mm: Checked W+X mappings: passed, no W+X pages found.
[    1.185383] x86/mm: Checking user space page tables
[    1.197253] x86/mm: Checked W+X mappings: passed, no W+X pages found.
Loading, please wait...
starting version 237
[    1.307294] e1000: Intel(R) PRO/1000 Network Driver - version 7.3.21-k8-NAPI
[    1.309660] e1000: Copyright (c) 1999-2006 Intel Corporation.
[    1.312066] Fusion MPT base driver 3.04.20
[    1.314189] Copyright (c) 1999-2008 LSI Corporation
[    1.328371] Fusion MPT SPI Host driver 3.04.20
[    1.339868] AVX2 version of gcm_enc/dec engaged.
[    1.341055] AES CTR mode by8 optimization enabled
[    1.526824] input: ImExPS/2 Generic Explorer Mouse as /devices/platform/i8042/serio1/input/input4
[    1.734502] e1000 0000:00:03.0 eth0: (PCI:33MHz:32-bit) 02:d6:90:5a:f6:76
[    1.736106] e1000 0000:00:03.0 eth0: Intel(R) PRO/1000 Network Connection
[    1.739898] e1000 0000:00:03.0 enp0s3: renamed from eth0
[    1.741742] mptbase: ioc0: Initiating bringup
[    1.836881] ioc0: LSI53C1030 A0: Capabilities={Initiator}
[    2.084093] scsi host2: ioc0: LSI53C1030 A0, FwRev=00000000h, Ports=1, MaxQ=256, IRQ=20
[    2.257912] scsi 2:0:0:0: Direct-Access     VBOX     HARDDISK         1.0  PQ: 0 ANSI: 5
[    2.292042] scsi target2:0:0: Beginning Domain Validation
[    2.298707] scsi target2:0:0: Domain Validation skipping write tests
[    2.300548] scsi target2:0:0: Ending Domain Validation
[    2.302025] scsi target2:0:0: asynchronous
[    2.304686] scsi 2:0:1:0: Direct-Access     VBOX     HARDDISK         1.0  PQ: 0 ANSI: 5
[    2.336306] scsi target2:0:1: Beginning Domain Validation
[    2.341734] random: fast init done
[    2.343331] scsi target2:0:1: Domain Validation skipping write tests
[    2.344884] scsi target2:0:1: Ending Domain Validation
[    2.346235] scsi target2:0:1: asynchronous
[    2.353424] random: systemd-udevd: uninitialized urandom read (16 bytes read)
[    2.355226] sd 2:0:0:0: Attached scsi generic sg0 type 0
[    2.355426] random: systemd-udevd: uninitialized urandom read (16 bytes read)
[    2.359067] sd 2:0:0:0: [sda] 83886080 512-byte logical blocks: (42.9 GB/40.0 GiB)
[    2.360050] random: systemd-udevd: uninitialized urandom read (16 bytes read)
[    2.361074] sd 2:0:0:0: [sda] Write Protect is off
[    2.365359] sd 2:0:1:0: Attached scsi generic sg1 type 0
[    2.365451] sd 2:0:0:0: [sda] Incomplete mode parameter data
[    2.368474] sd 2:0:0:0: [sda] Assuming drive cache: write through
[    2.370071] sd 2:0:1:0: [sdb] 20480 512-byte logical blocks: (10.5 MB/10.0 MiB)
[    2.373595] sd 2:0:1:0: [sdb] Write Protect is off
[    2.374882]  sda: sda1
[    2.376353] sd 2:0:1:0: [sdb] Incomplete mode parameter data
[    2.376849] sd 2:0:0:0: [sda] Attached SCSI disk
[    2.377768] sd 2:0:1:0: [sdb] Assuming drive cache: write through
[    2.387835] sd 2:0:1:0: [sdb] Attached SCSI disk
Begin: Loading essential drivers ... [    4.152196] raid6: sse2x1   gen()  7816 MB/s
[    4.200010] raid6: sse2x1   xor()  7170 MB/s
[    4.248329] raid6: sse2x2   gen() 12552 MB/s
[    4.296152] raid6: sse2x2   xor()  8467 MB/s
[    4.344514] raid6: sse2x4   gen() 14266 MB/s
[    4.392311] raid6: sse2x4   xor()  8926 MB/s
[    4.440146] raid6: avx2x1   gen() 20358 MB/s
[    4.488156] raid6: avx2x1   xor() 14238 MB/s
[    4.536217] raid6: avx2x2   gen() 23310 MB/s
[    4.584096] raid6: avx2x2   xor() 14617 MB/s
[    4.632372] raid6: avx2x4   gen() 27223 MB/s
[    4.680220] raid6: avx2x4   xor() 16478 MB/s
[    4.682357] raid6: using algorithm avx2x4 gen() 27223 MB/s
[    4.684048] raid6: .... xor() 16478 MB/s, rmw enabled
[    4.685310] raid6: using avx2x2 recovery algorithm
[    4.689020] xor: automatically using best checksumming function   avx       
[    4.693233] async_tx: api initialized (async)
done.
Begin: Running /scripts/init-premount ... done.
Begin: Mounting root file system ... Begin: Running /scripts/local-top ... done.
Begin: Running /scripts/local-premount ... [    4.756679] Btrfs loaded, crc32c=crc32c-intel
Scanning for Btrfs filesystems
done.
Begin: Will now check root file system ... fsck from util-linux 2.31.1
[/sbin/fsck.ext4 (1) -- /dev/sda1] fsck.ext4 -a -C0 /dev/sda1 
cloudimg-rootfs: clean, 123343/5120000 files, 831447/10485499 blocks
done.
[    4.855586] EXT4-fs (sda1): mounted filesystem with ordered data mode. Opts: (null)
done.
Begin: Running /scripts/local-bottom ... done.
Begin: Running /scripts/init-bottom ... done.
[    6.071868] ip_tables: (C) 2000-2006 Netfilter Core Team
[    6.140401] systemd[1]: systemd 237 running in system mode. (+PAM +AUDIT +SELINUX +IMA +APPARMOR +SMACK +SYSVINIT +UTMP +LIBCRYPTSETUP +GCRYPT +GNUTLS +ACL +XZ +LZ4 +SECCOMP +BLKID +ELFUTILS +KMOD -IDN2 +IDN -PCRE2 default-hierarchy=hybrid)
[    6.148236] systemd[1]: Detected virtualization oracle.
[    6.149768] systemd[1]: Detected architecture x86-64.

Welcome to [1mUbuntu 18.04.5 LTS[0m!

[    6.195410] systemd[1]: Set hostname to <ubuntu-bionic>.
[    6.710128] random: crng init done
[    6.713141] random: 7 urandom warning(s) missed due to ratelimiting
[    7.937069] systemd[1]: Reached target System Time Synchronized.
[[0;32m  OK  [0m] Reached target System Time Synchronized.
[    8.111774] systemd[1]: Created slice System Slice.
[[0;32m  OK  [0m] Created slice System Slice.
[    8.117770] systemd[1]: Listening on Journal Socket (/dev/log).
[[0;32m  OK  [0m] Listening on Journal Socket (/dev/log).
[    8.159082] systemd[1]: Listening on Device-mapper event daemon FIFOs.
[[0;32m  OK  [0m] Listening on Device-mapper event daemon FIFOs.
[    8.163093] systemd[1]: Listening on udev Kernel Socket.
[[0;32m  OK  [0m] Listening on udev Kernel Socket.
[    8.166175] systemd[1]: Listening on fsck to fsckd communication Socket.
[[0;32m  OK  [0m] Listening on fsck to fsckd communication Socket.
[[0;32m  OK  [0m] Listening on udev Control Socket.
[[0;32m  OK  [0m] Set up automount Arbitrary Executab…rmats File System Automount Point.
[[0;32m  OK  [0m] Created slice User and Session Slice.
[[0;32m  OK  [0m] Reached target Slices.
[[0;32m  OK  [0m] Listening on Journal Socket.
         Mounting POSIX Message Queue File System...
         Starting Uncomplicated firewall...
[[0;32m  OK  [0m] Started Forward Password Requests to Wall Directory Watch.
         Starting Create list of required st…ce nodes for the current kernel...
[[0;32m  OK  [0m] Created slice system-serial\x2dgetty.slice.
[[0;32m  OK  [0m] Listening on Journal Audit Socket.
[[0;32m  OK  [0m] Reached target Swap.
[[0;32m  OK  [0m] Listening on /dev/initctl Compatibility Named Pipe.
         Starting udev Coldplug all Devices...
[[0;32m  OK  [0m] Listening on LVM2 poll daemon socket.
[[0;32m  OK  [0m] Listening on Syslog Socket.
         Starting Journal Service...
         Starting Set the console keyboard layout...
         Mounting Kernel Debug File System...
[[0;32m  OK  [0m] Listening on Network Service Netlink Socket.
         Starting Remount Root and Kernel File Systems...
         Mounting Huge Pages File System...
[[0;32m  OK  [0m] Reached target User and Group Name Lookups.
[[0;32m  OK  [0m] Listening on LVM2 metadata daemon socket.
         Starting Monitoring of LVM2 mirrors…ng dmeventd or progress polling...
         Starting Load Kernel Modules...
[[0;32m  OK  [0m] Mounted POSIX Message Queue File System.
[[0;32m  OK  [0m] Started Uncomplicated firewall.
[[0;32m  OK  [0m] Started Create list of required sta…vice nodes for the current kernel.
[[0;32m  OK  [0m] Mounted Kernel Debug File System.
[[0;32m  OK  [0m] Started Journal Service.
[[0;32m  OK  [0m] Mounted Huge Pages File System.
         Starting Create Static Device Nodes in /dev...
[[0;32m  OK  [0m] Started udev Coldplug all Devices.
[    8.376192] EXT4-fs (sda1): re-mounted. Opts: (null)
[[0;32m  OK  [0m] Started Remount Root and Kernel File Systems.
         Starting Load/Save Random Seed...
         Starting Flush Journal to Persistent Storage...
[    8.570267] systemd-journald[422]: Received request to flush runtime journal from PID 1
[[0;32m  OK  [0m] Started Set the console keyboard layout.
[[0;32m  OK  [0m] Started Create Static Device Nodes in /dev.
         Starting udev Kernel Device Manager...
[[0;32m  OK  [0m] Started LVM2 metadata daemon.
[[0;32m  OK  [0m] Started Load/Save Random Seed.
[    8.641985] Loading iSCSI transport class v2.0-870.
[[0;32m  OK  [0m] Started udev Kernel Device Manager.
[[0;32m  OK  [0m] Started Dispatch[    8.878170] iscsi: registered transport (tcp)
 Password Requests to Console Directory Watch.
[[0;32m  OK  [0m] Reached target Local Encrypted Volumes.
[[0;32m  OK  [0m] Started Monitoring of LVM2 mirrors,…sing dmeventd or progress polling.
[[0;32m  OK  [0m] Reached target Local File Systems (Pre).
[[0;32m  OK  [0m] Reached target Local File Systems.
         Starting ebtables ruleset management...
         Starting AppArmor initialization...
         Starting Tell Plymouth To Write Out Runtime Data...
         Starting Set console font and keymap...
[    9.051041] iscsi: registered transport (iser)
[[0;32m  OK  [0m] Started Load Kernel Modules.
         Starting Apply Kernel Variables...
         Mounting Kernel Configuration File System...
         Mounting FUSE Control File System...
[[0;32m  OK  [0m] Mounted Kernel Configuration File System.
[[0;32m  OK  [0m] Mounted FUSE Control File System.
[[0;32m  OK  [0m] Started Tell Plymouth To Write Out Runtime Data.
[[0;32m  OK  [0m] Started Set console font and keymap.
[[0;32m  OK  [0m] Found device /dev/ttyS0.
[[0;32m  OK  [0m] Started Apply Kernel Variables.
[[0;32m  OK  [0m] Listening on Load/Save RF Kill Switch Status /dev/rfkill Watch.
[[0;32m  OK  [0m] Started ebtables ruleset management.
[[0;32m  OK  [0m] Started Flush Journal to Persistent Storage.
         Starting Create Volatile Files and Directories...
[[0;32m  OK  [0m] Started Create Volatile Files and Directories.
         Starting Update UTMP about System Boot/Shutdown...
[[0;32m  OK  [0m] Started Update UTMP about System Boot/Shutdown.
[[0;32m  OK  [0m] Started AppArmor initialization.
         Starting Load AppArmor profiles managed internally by snapd...
         Starting Initial cloud-init job (pre-networking)...
[[0;32m  OK  [0m] Started Load AppArmor profiles managed internally by snapd.
[   13.892633] cloud-init[576]: Cloud-init v. 20.4.1-0ubuntu1~18.04.1 running 'init-local' at Tue, 25 May 2021 09:09:42 +0000. Up 13.41 seconds.
[[0;32m  OK  [0m] Started Initial cloud-init job (pre-networking).
[[0;32m  OK  [0m] Reached target Network (Pre).
         Starting Network Service...
[[0;32m  OK  [0m] Started Network Service.
         Starting Wait for Network to be Configured...
         Starting Network Name Resolution...
[[0;32m  OK  [0m] Started Network Name Resolution.
[[0;32m  OK  [0m] Reached target Network.
[[0;32m  OK  [0m] Reached target Host and Network Name Lookups.
[[0;32m  OK  [0m] Started Wait for Network to be Configured.
         Starting Initial cloud-init job (metadata service crawler)...
[   16.460603] cloud-init[694]: Cloud-init v. 20.4.1-0ubuntu1~18.04.1 running 'init' at Tue, 25 May 2021 09:09:45 +0000. Up 16.17 seconds.
[   16.463919] cloud-init[694]: ci-info: ++++++++++++++++++++++++++++++++++++++Net device info++++++++++++++++++++++++++++++++++++++
[   16.467175] cloud-init[694]: ci-info: +--------+------+----------------------------+---------------+--------+-------------------+
[   16.470240] cloud-init[694]: ci-info: | Device |  Up  |          Address           |      Mask     | Scope  |     Hw-Address    |
[   16.472948] cloud-init[694]: ci-info: +--------+------+----------------------------+---------------+--------+-------------------+
[   16.479775] cloud-init[694]: ci-info: | enp0s3 | True |         10.0.2.15          | 255.255.255.0 | global | 02:d6:90:5a:f6:76 |
[   16.481581] cloud-init[694]: ci-info: | enp0s3 | True | fe80::d6:90ff:fe5a:f676/64 |       .       |  link  | 02:d6:90:5a:f6:76 |
[   16.484069] cloud-init[694]: ci-info: |   lo   | True |         127.0.0.1          |   255.0.0.0   |  host  |         .         |
[   16.487706] cloud-init[694]: ci-info: |   lo   | True |          ::1/128           |       .       |  host  |         .         |
[   16.489472] cloud-init[694]: ci-info: +--------+------+----------------------------+---------------+--------+-------------------+
[   16.491098] cloud-init[694]: ci-info: ++++++++++++++++++++++++++++Route IPv4 info+++++++++++++++++++++++++++++
[   16.493249] cloud-init[694]: ci-info: +-------+-------------+----------+-----------------+-----------+-------+
[   16.496163] cloud-init[694]: ci-info: | Route | Destination | Gateway  |     Genmask     | Interface | Flags |
[   16.497633] cloud-init[694]: ci-info: +-------+-------------+----------+-----------------+-----------+-------+
[   16.499321] cloud-init[694]: ci-info: |   0   |   0.0.0.0   | 10.0.2.2 |     0.0.0.0     |   enp0s3  |   UG  |
[   16.501751] cloud-init[694]: ci-info: |   1   |   10.0.2.0  | 0.0.0.0  |  255.255.255.0  |   enp0s3  |   U   |
[   16.516300] cloud-init[694]: ci-info: |   2   |   10.0.2.2  | 0.0.0.0  | 255.255.255.255 |   enp0s3  |   UH  |
[   16.517881] cloud-init[694]: ci-info: +-------+-------------+----------+-----------------+-----------+-------+
[   16.522733] cloud-init[694]: ci-info: +++++++++++++++++++Route IPv6 info+++++++++++++++++++
[   16.524665] cloud-init[694]: ci-info: +-------+-------------+---------+-----------+-------+
[   16.526732] cloud-init[694]: ci-info: | Route | Destination | Gateway | Interface | Flags |
[   16.528221] cloud-init[694]: ci-info: +-------+-------------+---------+-----------+-------+
[   16.529633] cloud-init[694]: ci-info: |   1   |  fe80::/64  |    ::   |   enp0s3  |   U   |
[   16.531164] cloud-init[694]: ci-info: |   3   |    local    |    ::   |   enp0s3  |   U   |
[   16.532390] cloud-init[694]: ci-info: |   4   |   ff00::/8  |    ::   |   enp0s3  |   U   |
[   16.533817] cloud-init[694]: ci-info: +-------+-------------+---------+-----------+-------+
[[0;32m  OK  [0m] Started Initial cloud-init job (metadata service crawler).
[[0;32m  OK  [0m] Reached target Network is Online.
         Starting Availability of block devices...
[[0;32m  OK  [0m] Reached target Remote File Systems (Pre).
         Mounting /vagrant...
[[0;32m  OK  [0m] Reached target System Initialization.
[[0;32m  OK  [0m] Started Daily Cleanup of Temporary Directories.
[[0;32m  OK  [0m] Listening on UUID daemon activation socket.
[[0;32m  OK  [0m] Listening on D-Bus System Message Bus Socket.
[[0;32m  OK  [0m] Started Daily apt download activities.
[[0;32m  OK  [0m] Listening on ACPID Listen Socket.
[[0;32m  OK  [0m] Started Message of the Day.
[[0;32m  OK  [0m] Listening on Open-iSCSI iscsid Socket.
[[0;32m  OK  [0m] Started ACPI Events Check.
[[0;32m  OK  [0m] Reached target Paths.
         Starting Socket activation for snappy daemon.
[[0;32m  OK  [0m] Started Daily apt upgrade and clean activities.
         Starting LXD - unix socket.
[[0;32m  OK  [0m] Started Discard unused blocks once a week.
[[0;32m  OK  [0m] Reached target Timers.
[[0;32m  OK  [0m] Reached target Cloud-config availability.
[[0;32m  OK  [0m] Started Availability of block devices.
[[0;32m  OK  [0m] Mounted /vagrant.
[[0;32m  OK  [0m] Listening on Socket activation for snappy daemon.
[[0;32m  OK  [0m] Listening on LXD - unix socket.
[[0;32m  OK  [0m] Reached target Sockets.
[[0;32m  OK  [0m] Reached target Basic System.
         Starting Accounts Service...
[[0;32m  OK  [0m] Started D-Bus System Message Bus.
[[0;32m  OK  [0m] Started Deferred execution scheduler.
         Starting LSB: Record successful boot for GRUB...
         Starting LXD - container startup/shutdown...
[[0;32m  OK  [0m] Started FUSE filesystem for LXC.
[[0;32m  OK  [0m] Started irqbalance daemon.
         Starting System Logging Service...
         Starting Dispatcher daemon for systemd-networkd...
         Starting Login Service...
[[0;32m  OK  [0m] Started Regular background program processing daemon.
         Starting Virtualbox guest utils...
         Starting OpenBSD Secure Shell server...
         Starting Snap Daemon...
[[0;32m  OK  [0m] Reached target Remote File Systems.
         Starting Permit User Sessions...
         Starting LSB: automatic crash report generation...
[[0;32m  OK  [0m] Started System Logging Service.
[[0;32m  OK  [0m] Started Permit User Sessions.
[[0;32m  OK  [0m] Started Login Service.
[[0;32m  OK  [0m] Started Unattended Upgrades Shutdown.
         Starting Hold until boot process finishes up...
         Starting Terminate Plymouth Boot Screen...
         Starting Authorization Manager...
[[0;32m  OK  [0m] Started Hold until boot process finishes up.
[[0;32m  OK  [0m] Started Serial Getty on ttyS0.
         Starting Set console scheme...
[[0;32m  OK  [0m] Started Terminate Plymouth Boot Screen.
[[0;32m  OK  [0m] Started Set console scheme.
[[0;32m  OK  [0m] Created slice system-getty.slice.
[[0;32m  OK  [0m] Started Getty on tty1.
[[0;32m  OK  [0m] Reached target Login Prompts.
[[0;32m  OK  [0m] Started LSB: automatic crash report generation.
[[0;32m  OK  [0m] Started LSB: Record successful boot for GRUB.
[[0;32m  OK  [0m] Started Authorization Manager.
[[0;32m  OK  [0m] Started Accounts Service.
[[0;32m  OK  [0m] Started Virtualbox guest utils.
[[0;32m  OK  [0m] Started OpenBSD Secure Shell server.
[[0;32m  OK  [0m] Started Dispatcher daemon for systemd-networkd.
[[0;32m  OK  [0m] Started LXD - container startup/shutdown.
[[0;32m  OK  [0m] Created slice User Slice of vagrant.
         Starting User Manager for UID 1000...
[[0;32m  OK  [0m] Started Session 1 of user vagrant.
[[0;32m  OK  [0m] Started User Manager for UID 1000.
[[0;32m  OK  [0m] Started Snap Daemon.
         Starting Wait until snapd is fully seeded...
[[0;32m  OK  [0m] Started Wait until snapd is fully seeded.
[[0;32m  OK  [0m] Reached target Multi-User System.
[[0;32m  OK  [0m] Reached target Graphical Interface.
         Starting Update UTMP about System Runlevel Changes...
         Starting Apply the settings specified in cloud-config...
[[0;32m  OK  [0m] Started Update UTMP about System Runlevel Changes.
[   23.142875] cloud-init[1248]: Cloud-init v. 20.4.1-0ubuntu1~18.04.1 running 'modules:config' at Tue, 25 May 2021 09:09:52 +0000. Up 22.93 seconds.
[[0;32m  OK  [0m] Started Apply the settings specified in cloud-config.
         Starting Execute cloud user/final scripts...
[   24.156068] cloud-init[1288]: Cloud-init v. 20.4.1-0ubuntu1~18.04.1 running 'modules:final' at Tue, 25 May 2021 09:09:53 +0000. Up 23.91 seconds.
[   24.156282] cloud-init[1288]: Cloud-init v. 20.4.1-0ubuntu1~18.04.1 finished at Tue, 25 May 2021 09:09:53 +0000. Datasource DataSourceNoCloud [seed=/dev/sdb][dsmode=net].  Up 24.14 seconds

Ubuntu 18.04.5 LTS ubuntu-bionic ttyS0

ubuntu-bionic login: 